2025-02-03 21:46:00 | INFO | repo=Filmgunu | action=commit
2025-08-25 17:00:00 | DEBUG | repo=Filmgunu | action=commit
2025-02-11 19:50:00 | DEBUG | repo=Filmgunu | action=commit
2025-12-18 11:12:00 | WARN | repo=Filmgunu | action=commit
2025-03-14 20:40:00 | WARN | repo=Filmgunu | action=commit
2025-03-26 10:44:00 | INFO | repo=Filmgunu | action=commit
2025-11-05 08:01:00 | DEBUG | repo=Filmgunu | action=commit
2025-10-15 09:13:00 | DEBUG | repo=Filmgunu | action=edit | files=3
2025-10-17 16:26:00 | DEBUG | repo=Filmgunu | action=commit
2025-02-20 19:36:00 | INFO | repo=Filmgunu | action=test | passed=true
2025-06-08 19:18:00 | INFO | repo=Filmgunu | action=test | passed=true
2025-08-15 19:44:00 | WARN | repo=Filmgunu | action=edit | files=5
2025-04-28 19:21:00 | WARN | repo=Filmgunu | action=commit
2025-07-16 08:17:00 | DEBUG | repo=Filmgunu | action=commit
2025-06-03 13:15:00 | DEBUG | repo=Filmgunu | action=edit | files=2
2025-04-26 09:15:00 | WARN | repo=Filmgunu | action=commit
2025-09-05 16:10:00 | DEBUG | repo=Filmgunu | action=commit
2025-10-09 08:19:00 | DEBUG | repo=Filmgunu | action=test | passed=true
2025-03-15 07:25:00 | INFO | repo=Filmgunu | action=pull
2025-12-17 13:45:00 | INFO | repo=Filmgunu | action=commit
2025-10-11 20:27:00 | WARN | repo=Filmgunu | action=commit
2025-09-21 10:55:00 | WARN | repo=Filmgunu | action=commit
2025-05-09 09:29:00 | INFO | repo=Filmgunu | action=commit
2025-07-05 12:33:00 | DEBUG | repo=Filmgunu | action=commit
2025-01-11 21:35:00 | INFO | repo=Filmgunu | action=commit
2025-02-12 16:41:00 | INFO | repo=Filmgunu | action=commit
2025-05-20 13:38:00 | WARN | repo=Filmgunu | action=commit
2025-07-10 17:30:00 | DEBUG | repo=Filmgunu | action=commit
2025-05-05 07:28:00 | INFO | repo=Filmgunu | action=commit
2025-02-26 20:23:00 | DEBUG | repo=Filmgunu | action=commit
2025-09-12 15:27:00 | INFO | repo=Filmgunu | action=commit
2025-11-03 12:52:00 | WARN | repo=Filmgunu | action=commit
2025-04-21 14:56:00 | DEBUG | repo=Filmgunu | action=commit
2025-09-03 08:50:00 | INFO | repo=Filmgunu | action=commit
2025-02-07 11:19:00 | INFO | repo=Filmgunu | action=commit
2025-01-09 18:43:00 | WARN | repo=Filmgunu | action=test | passed=true
2025-06-25 13:35:00 | INFO | repo=Filmgunu | action=commit
2025-01-08 07:33:00 | WARN | repo=Filmgunu | action=commit
2025-05-05 08:23:00 | DEBUG | repo=Filmgunu | action=pull
2025-11-16 17:22:00 | DEBUG | repo=Filmgunu | action=commit
2025-11-10 10:09:00 | INFO | repo=Filmgunu | action=commit
2025-12-01 08:34:00 | DEBUG | repo=Filmgunu | action=pull
2025-11-08 17:32:00 | DEBUG | repo=Filmgunu | action=commit
2025-07-15 11:27:00 | WARN | repo=Filmgunu | action=commit
2025-06-22 11:26:00 | DEBUG | repo=Filmgunu | action=commit
2025-05-28 11:52:00 | WARN | repo=Filmgunu | action=edit | files=2
2025-08-01 19:16:00 | INFO | repo=Filmgunu | action=commit
2025-09-28 09:57:00 | INFO | repo=Filmgunu | action=commit
2025-12-27 18:35:00 | DEBUG | repo=Filmgunu | action=edit | files=2
2025-08-12 08:22:00 | WARN | repo=Filmgunu | action=commit
2025-07-18 15:35:00 | INFO | repo=Filmgunu | action=commit
2025-10-24 21:01:00 | WARN | repo=Filmgunu | action=edit | files=2
2025-02-17 10:15:00 | WARN | repo=Filmgunu | action=commit
2025-09-20 09:06:00 | DEBUG | repo=Filmgunu | action=pull
2025-09-03 10:31:00 | DEBUG | repo=Filmgunu | action=commit
2025-04-05 15:25:00 | DEBUG | repo=Filmgunu | action=commit
2025-04-16 19:37:00 | INFO | repo=Filmgunu | action=test | passed=true
2025-04-14 20:11:00 | WARN | repo=Filmgunu | action=commit
2025-11-20 12:17:00 | WARN | repo=Filmgunu | action=commit
2025-12-06 07:03:00 | INFO | repo=Filmgunu | action=edit | files=5
2025-11-01 17:50:00 | INFO | repo=Filmgunu | action=commit
2025-07-27 07:59:00 | WARN | repo=Filmgunu | action=commit
2025-03-06 20:12:00 | DEBUG | repo=Filmgunu | action=pull
2025-02-21 13:48:00 | WARN | repo=Filmgunu | action=edit | files=4
2025-12-03 20:38:00 | DEBUG | repo=Filmgunu | action=commit
2025-11-13 16:02:00 | WARN | repo=Filmgunu | action=commit
2025-12-23 17:19:00 | WARN | repo=Filmgunu | action=commit
2025-04-05 17:19:00 | INFO | repo=Filmgunu | action=commit
2025-12-05 16:05:00 | DEBUG | repo=Filmgunu | action=commit
2025-11-18 14:09:00 | DEBUG | repo=Filmgunu | action=commit
2025-07-01 13:21:00 | DEBUG | repo=Filmgunu | action=commit
2025-07-09 18:16:00 | DEBUG | repo=Filmgunu | action=commit
2025-09-16 17:24:00 | WARN | repo=Filmgunu | action=commit
2025-05-02 17:57:00 | INFO | repo=Filmgunu | action=commit
2025-08-16 07:13:00 | DEBUG | repo=Filmgunu | action=commit
2025-03-12 12:48:00 | INFO | repo=Filmgunu | action=commit
2025-01-23 21:46:00 | DEBUG | repo=Filmgunu | action=commit
2025-06-24 13:55:00 | DEBUG | repo=Filmgunu | action=test | passed=true
2025-12-18 07:11:00 | INFO | repo=Filmgunu | action=commit
2025-08-01 07:36:00 | WARN | repo=Filmgunu | action=edit | files=5
2025-03-01 21:16:00 | DEBUG | repo=Filmgunu | action=commit
2025-06-22 10:53:00 | DEBUG | repo=Filmgunu | action=commit
2025-10-10 15:57:00 | INFO | repo=Filmgunu | action=pull
2025-11-25 12:57:00 | DEBUG | repo=Filmgunu | action=commit
2025-01-17 12:14:00 | DEBUG | repo=Filmgunu | action=commit
2025-07-26 14:39:00 | INFO | repo=Filmgunu | action=commit
2025-07-24 08:00:00 | WARN | repo=Filmgunu | action=commit
2025-10-02 17:28:00 | DEBUG | repo=Filmgunu | action=test | passed=true
2025-01-21 18:10:00 | INFO | repo=Filmgunu | action=commit
2025-07-26 16:57:00 | INFO | repo=Filmgunu | action=commit
2025-04-22 13:33:00 | DEBUG | repo=Filmgunu | action=commit
2025-05-09 19:02:00 | WARN | repo=Filmgunu | action=commit
2025-01-24 07:08:00 | INFO | repo=Filmgunu | action=commit
2025-06-27 11:27:00 | DEBUG | repo=Filmgunu | action=pull
2025-10-14 08:50:00 | INFO | repo=Filmgunu | action=commit
2025-04-26 21:31:00 | INFO | repo=Filmgunu | action=commit
2025-02-26 07:18:00 | WARN | repo=Filmgunu | action=commit
2025-08-07 15:03:00 | DEBUG | repo=Filmgunu | action=commit
2025-12-05 15:59:00 | WARN | repo=Filmgunu | action=commit
2025-09-06 07:55:00 | DEBUG | repo=Filmgunu | action=commit
2025-02-24 11:05:00 | DEBUG | repo=Filmgunu | action=pull
2025-11-02 07:59:00 | DEBUG | repo=Filmgunu | action=pull
2025-06-25 18:39:00 | WARN | repo=Filmgunu | action=commit
2025-08-01 17:37:00 | DEBUG | repo=Filmgunu | action=test | passed=true
2025-09-07 21:14:00 | DEBUG | repo=Filmgunu | action=test | passed=true
2026-08-15 18:37:00 | INFO | repo=Filmgunu | action=pull
2026-08-13 19:08:00 | INFO | repo=Filmgunu | action=commit
2026-01-23 08:11:00 | WARN | repo=Filmgunu | action=commit
2026-05-14 17:22:00 | INFO | repo=Filmgunu | action=pull
2026-09-26 20:59:00 | DEBUG | repo=Filmgunu | action=commit
2026-01-04 21:47:00 | WARN | repo=Filmgunu | action=test | passed=true
2026-05-27 18:17:00 | WARN | repo=Filmgunu | action=commit
2026-05-04 11:24:00 | DEBUG | repo=Filmgunu | action=test | passed=true
2026-06-02 10:34:00 | WARN | repo=Filmgunu | action=commit
2026-06-27 12:22:00 | DEBUG | repo=Filmgunu | action=commit
2026-05-09 08:49:00 | INFO | repo=Filmgunu | action=test | passed=true
2026-07-27 20:09:00 | DEBUG | repo=Filmgunu | action=commit
2026-09-13 08:32:00 | WARN | repo=Filmgunu | action=commit
